Using pre-set license
Built from '2020.3/staging' branch; Version is '2020.3.13f1 (71691879b7f5) revision 7432472'; Using compiler version '192528614'; Build Type 'Release'
OS: 'Windows 10 Pro; OS build 22000.194; Version 2009; 64bit' Language: 'en' Physical Memory: 8060 MB
BatchMode: 1, IsHumanControllingUs: 0, StartBugReporterOnCrash: 0, Is64bit: 1, IsPro: 0

 COMMAND LINE ARGUMENTS:
C:\Program Files\Unity\Hub\Editor\2020.3.13f1\Editor\Unity.exe
-adb2
-batchMode
-noUpm
-name
AssetImportWorker0
-projectPath
C:/Users/Gelis/Documents/FilesBackUp/MyFiles/Monty hall
-logFile
Logs/AssetImportWorker0.log
-srvPort
58179
Successfully changed project path to: C:/Users/Gelis/Documents/FilesBackUp/MyFiles/Monty hall
C:/Users/Gelis/Documents/FilesBackUp/MyFiles/Monty hall
Using Asset Import Pipeline V2.
Refreshing native plugins compatible for Editor in 49.76 ms, found 3 plugins.
Preloading 0 native plugins for Editor in 0.00 ms.
Initialize engine version: 2020.3.13f1 (71691879b7f5)
[Subsystems] Discovering subsystems at path C:/Program Files/Unity/Hub/Editor/2020.3.13f1/Editor/Data/Resources/UnitySubsystems
[Subsystems] Discovering subsystems at path C:/Users/Gelis/Documents/FilesBackUp/MyFiles/Monty hall/Assets
GfxDevice: creating device client; threaded=0
Direct3D:
    Version:  Direct3D 11.0 [level 11.1]
    Renderer: Intel(R) UHD Graphics 630 (ID=0x3e92)
    Vendor:   
    VRAM:     4030 MB
    Driver:   27.20.100.9168
Initialize mono
Mono path[0] = 'C:/Program Files/Unity/Hub/Editor/2020.3.13f1/Editor/Data/Managed'
Mono path[1] = 'C:/Program Files/Unity/Hub/Editor/2020.3.13f1/Editor/Data/MonoBleedingEdge/lib/mono/unityjit'
Mono config path = 'C:/Program Files/Unity/Hub/Editor/2020.3.13f1/Editor/Data/MonoBleedingEdge/etc'
Using monoOptions --debugger-agent=transport=dt_socket,embedding=1,server=y,suspend=n,address=127.0.0.1:56020
Begin MonoManager ReloadAssembly
Registering precompiled unity dll's ...
Register platform support module: C:/Program Files/Unity/Hub/Editor/2020.3.13f1/Editor/Data/PlaybackEngines/WebGLSupport/UnityEditor.WebGL.Extensions.dll
Register platform support module: C:/Program Files/Unity/Hub/Editor/2020.3.13f1/Editor/Data/PlaybackEngines/WindowsStandaloneSupport/UnityEditor.WindowsStandalone.Extensions.dll
Registered in 0.006948 seconds.
Native extension for WindowsStandalone target not found
Native extension for WebGL target not found
Refreshing native plugins compatible for Editor in 39.24 ms, found 3 plugins.
Preloading 0 native plugins for Editor in 0.00 ms.
Mono: successfully reloaded assembly
- Completed reload, in  3.861 seconds
Platform modules already initialized, skipping
Registering precompiled user dll's ...
Registered in 0.018503 seconds.
Begin MonoManager ReloadAssembly
Native extension for WindowsStandalone target not found
Native extension for WebGL target not found
Refreshing native plugins compatible for Editor in 41.58 ms, found 3 plugins.
Preloading 0 native plugins for Editor in 0.00 ms.
Mono: successfully reloaded assembly
- Completed reload, in  1.209 seconds
Platform modules already initialized, skipping
========================================================================
Worker process is ready to serve import requests
Launched and connected shader compiler UnityShaderCompiler.exe after 0.07 seconds
Refreshing native plugins compatible for Editor in 0.43 ms, found 3 plugins.
Preloading 0 native plugins for Editor in 0.00 ms.
Unloading 2111 Unused Serialized files (Serialized files now loaded: 0)
System memory in use before: 95.4 MB.
System memory in use after: 95.5 MB.

Unloading 28 unused Assets to reduce memory usage. Loaded Objects now: 2549.
Total: 2.291300 ms (FindLiveObjects: 0.198900 ms CreateObjectMapping: 0.089100 ms MarkObjects: 1.922900 ms  DeleteObjects: 0.079500 ms)

AssetImportParameters requested are different than current active one (requested -> active):
  custom:framework-win-MediaFoundation: 216162199b28c13a410421893ffa2e32 -> 
  custom:video-decoder-ogg-theora: a1e56fd34408186e4bbccfd4996cb3dc -> 
  custom:container-muxer-webm: aa71ff27fc2769a1b78a27578f13a17b -> 
  custom:container-demuxer-webm: 4f35f7cbe854078d1ac9338744f61a02 -> 
  custom:container-demuxer-ogg: 62fdf1f143b41e24485cea50d1cbac27 -> 
  custom:video-encoder-webm-vp8: eb34c28f22e8b96e1ab97ce403110664 -> 
  custom:video-decoder-webm-vp8: 9c59270c3fd7afecdb556c50c9e8de78 -> 
  custom:audio-decoder-ogg-vorbis: bf7c407c2cedff20999df2af8eb42d56 -> 
  custom:audio-encoder-webm-vorbis: bf7c407c2cedff20999df2af8eb42d56 -> 
========================================================================
Received Import Request.
  path: Assets/Scenes/Main Menu.unity
  artifactKey: Guid(ef1b28ff1f4ff3243a719223795837c2) Importer(815301076,1909f56bfc062723c751e8b465ee728b)
Start importing Assets/Scenes/Main Menu.unity using Guid(ef1b28ff1f4ff3243a719223795837c2) Importer(815301076,1909f56bfc062723c751e8b465ee728b)  -> (artifact id: '5a1019ba080fcf8e00adfddc22455576') in 0.014177 seconds 
  Import took 0.017474 seconds .

========================================================================
Received Import Request.
  Time since last request: 0.000648 seconds.
  path: Assets/Circle.png
  artifactKey: Guid(66dc77e71340c274784f541acda1c086) Importer(815301076,1909f56bfc062723c751e8b465ee728b)
Start importing Assets/Circle.png using Guid(66dc77e71340c274784f541acda1c086) Importer(815301076,1909f56bfc062723c751e8b465ee728b)  -> (artifact id: '820e13631e7068da6cf0891fb5d78acb') in 0.119774 seconds 
  Import took 0.122761 seconds .

========================================================================
Received Import Request.
  Time since last request: 0.000211 seconds.
  path: Assets/arrow.png
  artifactKey: Guid(b4f1203348ddc4f40b73a56088580a0f) Importer(815301076,1909f56bfc062723c751e8b465ee728b)
Start importing Assets/arrow.png using Guid(b4f1203348ddc4f40b73a56088580a0f) Importer(815301076,1909f56bfc062723c751e8b465ee728b)  -> (artifact id: '1fc7772ccd95e4661d317886ca2da57f') in 0.019233 seconds 
  Import took 0.022481 seconds .

========================================================================
Received Import Request.
  Time since last request: 0.000249 seconds.
  path: Assets/treasure.png
  artifactKey: Guid(30dd0b6bfd213eb4fa4c9be2b6f869cf) Importer(815301076,1909f56bfc062723c751e8b465ee728b)
Start importing Assets/treasure.png using Guid(30dd0b6bfd213eb4fa4c9be2b6f869cf) Importer(815301076,1909f56bfc062723c751e8b465ee728b)  -> (artifact id: '5b059fa0ffd60fb7a491011be1dc710b') in 0.021816 seconds 
  Import took 0.025304 seconds .

========================================================================
Received Import Request.
  Time since last request: 0.000237 seconds.
  path: Assets/Scenes/Game.unity
  artifactKey: Guid(a3d0aacd23564bf408cdf4336379360b) Importer(815301076,1909f56bfc062723c751e8b465ee728b)
Start importing Assets/Scenes/Game.unity using Guid(a3d0aacd23564bf408cdf4336379360b) Importer(815301076,1909f56bfc062723c751e8b465ee728b)  -> (artifact id: '127d489c9f4c4cffc419ca284bbf246b') in 0.011055 seconds 
  Import took 0.015111 seconds .

========================================================================
Received Import Request.
  Time since last request: 0.000179 seconds.
  path: Assets/goat.png
  artifactKey: Guid(b77f08bf8757ee547b8ca54b14cad55c) Importer(815301076,1909f56bfc062723c751e8b465ee728b)
Start importing Assets/goat.png using Guid(b77f08bf8757ee547b8ca54b14cad55c) Importer(815301076,1909f56bfc062723c751e8b465ee728b)  -> (artifact id: '4bf54729b5f6f6300f37ca32e0d76ec2') in 0.018694 seconds 
  Import took 0.022663 seconds .

========================================================================
Received Import Request.
  Time since last request: 0.000220 seconds.
  path: Assets/document_0.png
  artifactKey: Guid(c54b11eb24a295849a86c49ce3d545a4) Importer(815301076,1909f56bfc062723c751e8b465ee728b)
Start importing Assets/document_0.png using Guid(c54b11eb24a295849a86c49ce3d545a4) Importer(815301076,1909f56bfc062723c751e8b465ee728b)  -> (artifact id: 'c1b7d4c1278f5b8b0dbc3376244432be') in 0.011691 seconds 
  Import took 0.015241 seconds .

========================================================================
Received Import Request.
  Time since last request: 0.000182 seconds.
  path: Assets/Door opened.png
  artifactKey: Guid(81d8945a05833b7429c50902b80e7d6f) Importer(815301076,1909f56bfc062723c751e8b465ee728b)
Start importing Assets/Door opened.png using Guid(81d8945a05833b7429c50902b80e7d6f) Importer(815301076,1909f56bfc062723c751e8b465ee728b)  -> (artifact id: 'cd6a94de5b94361032151f9968216a33') in 0.021073 seconds 
  Import took 0.024466 seconds .

========================================================================
Received Import Request.
  Time since last request: 0.000264 seconds.
  path: Assets/Square.png
  artifactKey: Guid(a6d86d4d4d07991458b4f1e2158555cf) Importer(815301076,1909f56bfc062723c751e8b465ee728b)
Start importing Assets/Square.png using Guid(a6d86d4d4d07991458b4f1e2158555cf) Importer(815301076,1909f56bfc062723c751e8b465ee728b)  -> (artifact id: '95f661b2d23cae6b0fc98f51427e4f98') in 0.011723 seconds 
  Import took 0.015105 seconds .

========================================================================
Received Import Request.
  Time since last request: 0.000184 seconds.
  path: Assets/highlight.png
  artifactKey: Guid(31cc7309c29904847807332e495e4c03) Importer(815301076,1909f56bfc062723c751e8b465ee728b)
Start importing Assets/highlight.png using Guid(31cc7309c29904847807332e495e4c03) Importer(815301076,1909f56bfc062723c751e8b465ee728b)  -> (artifact id: '9b6076fb7d22c5534c179625d3533171') in 0.015276 seconds 
  Import took 0.018657 seconds .

========================================================================
Received Import Request.
  Time since last request: 0.000205 seconds.
  path: Assets/arrowL.png
  artifactKey: Guid(19dc30e841582e94681b70f08b126f8f) Importer(815301076,1909f56bfc062723c751e8b465ee728b)
Start importing Assets/arrowL.png using Guid(19dc30e841582e94681b70f08b126f8f) Importer(815301076,1909f56bfc062723c751e8b465ee728b)  -> (artifact id: '8281d401a489829b09b38eeec1757855') in 0.023642 seconds 
  Import took 0.027489 seconds .

========================================================================
Received Import Request.
  Time since last request: 0.000316 seconds.
  path: Assets/Door.png
  artifactKey: Guid(863ff28ad4876fd4a82db12dcc6b5a3c) Importer(815301076,1909f56bfc062723c751e8b465ee728b)
Start importing Assets/Door.png using Guid(863ff28ad4876fd4a82db12dcc6b5a3c) Importer(815301076,1909f56bfc062723c751e8b465ee728b)  -> (artifact id: '477e586f1dad9d63f54b555d511d6816') in 0.015879 seconds 
  Import took 0.019644 seconds .

========================================================================
Received Prepare
Registering precompiled user dll's ...
Registered in 0.007325 seconds.
Begin MonoManager ReloadAssembly
Native extension for WindowsStandalone target not found
Native extension for WebGL target not found
Refreshing native plugins compatible for Editor in 0.53 ms, found 3 plugins.
Preloading 0 native plugins for Editor in 0.00 ms.
Mono: successfully reloaded assembly
- Completed reload, in  1.162 seconds
Platform modules already initialized, skipping
Refreshing native plugins compatible for Editor in 0.43 ms, found 3 plugins.
Preloading 0 native plugins for Editor in 0.00 ms.
Unloading 2088 Unused Serialized files (Serialized files now loaded: 0)
System memory in use before: 96.5 MB.
System memory in use after: 96.7 MB.

Unloading 16 unused Assets to reduce memory usage. Loaded Objects now: 2573.
Total: 2.092800 ms (FindLiveObjects: 0.189900 ms CreateObjectMapping: 0.073200 ms MarkObjects: 1.808500 ms  DeleteObjects: 0.020200 ms)

AssetImportParameters requested are different than current active one (requested -> active):
  custom:framework-win-MediaFoundation: 216162199b28c13a410421893ffa2e32 -> 
  custom:video-decoder-ogg-theora: a1e56fd34408186e4bbccfd4996cb3dc -> 
  custom:container-muxer-webm: aa71ff27fc2769a1b78a27578f13a17b -> 
  custom:container-demuxer-webm: 4f35f7cbe854078d1ac9338744f61a02 -> 
  custom:container-demuxer-ogg: 62fdf1f143b41e24485cea50d1cbac27 -> 
  custom:video-encoder-webm-vp8: eb34c28f22e8b96e1ab97ce403110664 -> 
  custom:video-decoder-webm-vp8: 9c59270c3fd7afecdb556c50c9e8de78 -> 
  custom:audio-decoder-ogg-vorbis: bf7c407c2cedff20999df2af8eb42d56 -> 
  custom:audio-encoder-webm-vorbis: bf7c407c2cedff20999df2af8eb42d56 -> 
AssetImportWorkerClient::OnTransportError - code=2 error=End of file
